[LOG] System::create                           : Header version = 2.00.04. Current version = 2.00.04.
[LOG] Manager::init                            : maxchannels = 256 studioflags = 00000006 flags 00000000 extradriverdata 0000000000000000.
[LOG] SystemI::init                            : Initialize version=20004 (104705), maxchannels=256, flags=0x00020000
[LOG] SystemI::setOutputInternal               : Setting output to 'FMOD WASAPI Output'
[LOG] OutputWASAPI::init                       : Mix Format (WAVEFORMATEX): wFormatTag=0xFFFE, nChannels=2, nSamplesPerSec=48000, nAvgBytesPerSec=384000, nBlockAlign=8, wBitsPerSample=32, cbSize=22.
[LOG] OutputWASAPI::init                       : Mix Format (WAVEFORMATEXTENSIBLE): wValidBitsPerSample=32, dwChannelMask=0x00000003, SubFormat=00000003-0000-0010-8000-00AA00389B71.
[LOG] OutputWASAPI::init                       : Output buffer size: 4096 samples, latency: 0.00ms, period: 10.00ms, DSP buffer: 1024 * 4
[LOG] Thread::initThread                       : Init FMOD stream thread. Priority: 2, Stack Size: 98304, Semaphore: No, Sleep Time: 10, Looping: Yes.
[LOG] Thread::initThread                       : Init FMOD mixer thread. Priority: 3, Stack Size: 81920, Semaphore: No, Sleep Time: 0, Looping: Yes.
[LOG] AsyncManager::init                       : manager 000002259CC544A8 isAsync 0 updatePeriod 0.02
[LOG] AsyncManager::init                       : done
[LOG] PlaybackSystem::init                     : 
[LOG] Thread::initThread                       : Init FMOD Studio sample load thread. Priority: 0, Stack Size: 98304, Semaphore: No, Sleep Time: 1, Looping: No.
[LOG] PlaybackSystem::init                     : done
[LOG] Thread::initThread                       : Init FMOD Studio bank load thread. Priority: 0, Stack Size: 98304, Semaphore: No, Sleep Time: 1, Looping: No.
[LOG] Manager::init                            : done.
[LOG] Manager::readBank                        : fileversion = 121, compatVersion = 119 (oldest = 44, newest = 121)
[LOG] Manager::readBank                        : fileversion = 121, compatVersion = 119 (oldest = 44, newest = 121)
[LOG] Manager::readBank                        : fileversion = 121, compatVersion = 119 (oldest = 44, newest = 121)
[LOG] PlaybackSystem::acquireMasterBus         : Setting master channel group format to 6
[LOG] Manager::readBank                        : fileversion = 121, compatVersion = 119 (oldest = 44, newest = 121)
[LOG] SystemI::createSound                     : filename = H:\Github\final-shot\invent-your-game-2021\FMOD\project\Build\Desktop/Music.bank : mode 02010082
[LOG] SystemI::createSound                     : FMOD_NONBLOCKING specified.  Putting into queue to be opened asynchronously!
[LOG] Thread::initThread                       : Init FMOD nonblocking thread (0). Priority: 1, Stack Size: 114688, Semaphore: Yes, Sleep Time: 0, Looping: Yes.
[LOG] SystemI::createSound                     : setdata soundi = 000002259CCC77C8 : node = 00000225A02CA820
[LOG] SystemI::createSound                     : add node to async list : head = 00000226437C8548.  list count = 0
[LOG] AsyncThread::threadFunc                  : Starting Asynchronous operation on sound 000002259CCC77C8
[LOG] SystemI::createSoundInternal             :     Create name='H:\Github\final-shot\invent-your-game-2021\FMOD\project\Build\Desktop/Music.bank', mode=0x02010082
[LOG] SystemI::createSoundInternal             :     exinfo->cbsize             = 224
[LOG] SystemI::createSoundInternal             :     exinfo->length             = 2987232
[LOG] SystemI::createSoundInternal             :     exinfo->fileoffset         = 3680
[LOG] SystemI::createSoundInternal             :     exinfo->numsubsounds       = 1
[LOG] SystemI::createSoundInternal             :     exinfo->inclusionlist      = 00000225A02CA930
[LOG] SystemI::createSoundInternal             :     exinfo->inclusionlistnum   = 1
[LOG] SystemI::createSoundInternal             :     exinfo->suggestedsoundtype = 5
[LOG] SystemI::createSoundInternal             :     exinfo->initialseekpostype = 1
[LOG] SystemI::createSoundInternal             :     Stream 0/1: name='inventmenu', format=2, channels=2, frequency=48000, lengthbytes=545792, lengthpcm=2882664, pcmblocksize=0, loopstart=0, loopend=0, mode=0x00000000, channelmask=0x00000000, channelorder=0, peakvolume=0.494751.
[LOG] Thread::initThread                       :     Init FMOD file thread. Priority: 1, Stack Size: 49152, Semaphore: No, Sleep Time: 10, Looping: Yes.
[LOG] AsyncThread::threadFunc                  : Finished Asynchronous operation on sound 000002259CCC77C8
[LOG] SoundI::getSubSound                      : sound 000002259CCC77C8.  Subsound index 0 / 1
[LOG] SystemI::createSoundInternal             : Create name='', mode=0x02000202
[LOG] SystemI::createSoundInternal             : exinfo->cbsize             = 224
[LOG] SystemI::createSoundInternal             : exinfo->length             = 227680
[LOG] SystemI::createSoundInternal             : exinfo->fileoffset         = 60000
[LOG] SystemI::createSoundInternal             : exinfo->numsubsounds       = 1
[LOG] SystemI::createSoundInternal             : exinfo->inclusionlist      = 000000EB659FF4AC
[LOG] SystemI::createSoundInternal             : exinfo->inclusionlistnum   = 1
[LOG] SystemI::createSoundInternal             : exinfo->suggestedsoundtype = 5
[LOG] SystemI::createSoundInternal             : exinfo->useropen           = 00007FFDF4F37050
[LOG] SystemI::createSoundInternal             : exinfo->userclose          = 00007FFDF4F37020
[LOG] SystemI::createSoundInternal             : exinfo->userread           = 00007FFDF4F37120
[LOG] SystemI::createSoundInternal             : exinfo->userseek           = 00007FFDF4F371E0
[LOG] SystemI::createSoundInternal             : exinfo->fileuserdata       = 00000225A1FC7268
[LOG] SystemI::createSoundInternal             : exinfo->initialseekpostype = 1
[LOG] SystemI::DSPCodecPoolRegister            : register codec pool for pool type 5
[LOG] SystemI::createSoundInternal             : Sample 0/1: name='click1', format=2, channels=2, frequency=48000, lengthbytes=1600, lengthpcm=4503, pcmblocksize=0, loopstart=0, loopend=0, mode=0x00000000, channelmask=0x00000000, channelorder=0, peakvolume=0.837250.
[LOG] SystemI::createSound                     : filename = H:\Github\final-shot\invent-your-game-2021\FMOD\project\Build\Desktop/Music.bank : mode 02010082
[LOG] SystemI::createSound                     : FMOD_NONBLOCKING specified.  Putting into queue to be opened asynchronously!
[LOG] SystemI::createSound                     : setdata soundi = 00000225620A2958 : node = 00000226295ADD00
[LOG] SystemI::createSound                     : add node to async list : head = 00000226437C8548.  list count = 0
[LOG] AsyncThread::threadFunc                  : Starting Asynchronous operation on sound 00000225620A2958
[LOG] SystemI::createSoundInternal             :     Create name='H:\Github\final-shot\invent-your-game-2021\FMOD\project\Build\Desktop/Music.bank', mode=0x02010082
[LOG] SystemI::createSoundInternal             :     exinfo->cbsize             = 224
[LOG] SystemI::createSoundInternal             :     exinfo->length             = 2987232
[LOG] SystemI::createSoundInternal             :     exinfo->fileoffset         = 3680
[LOG] SystemI::createSoundInternal             :     exinfo->numsubsounds       = 1
[LOG] SystemI::createSoundInternal             :     exinfo->inclusionlist      = 00000226295ADE10
[LOG] SystemI::createSoundInternal             :     exinfo->inclusionlistnum   = 1
[LOG] SystemI::createSoundInternal             :     exinfo->suggestedsoundtype = 5
[LOG] SystemI::createSoundInternal             :     exinfo->initialseekpostype = 1
[LOG] SystemI::createSoundInternal             :     Create name='', mode=0x02000202
[LOG] SystemI::createSoundInternal             :     exinfo->cbsize             = 224
[LOG] SystemI::createSoundInternal             :     exinfo->length             = 227680
[LOG] SystemI::createSoundInternal             :     exinfo->fileoffset         = 60000
[LOG] SystemI::createSoundInternal             :     exinfo->numsubsounds       = 1
[LOG] SystemI::createSoundInternal             :     exinfo->inclusionlist      = 000000EB659FF4AC
[LOG] SystemI::createSoundInternal             :     exinfo->inclusionlistnum   = 1
[LOG] SystemI::createSoundInternal             :     exinfo->suggestedsoundtype = 5
[LOG] SystemI::createSoundInternal             :     exinfo->useropen           = 00007FFDF4F37050
[LOG] SystemI::createSoundInternal             :     exinfo->userclose          = 00007FFDF4F37020
[LOG] SystemI::createSoundInternal             :     exinfo->userread           = 00007FFDF4F37120
[LOG] SystemI::createSoundInternal             :     exinfo->userseek           = 00007FFDF4F371E0
[LOG] SystemI::createSoundInternal             :     Stream 0/1: name='invnetOst', format=2, channels=2, frequency=48000, lengthbytes=1416928, lengthpcm=5532107, pcmblocksize=0, loopstart=0, loopend=0, mode=0x00000000, channelmask=0x00000000, channelorder=0, peakvolume=0.805145.
[LOG] SystemI::createSoundInternal             :     exinfo->fileuserdata       = 00000226214528F8
[LOG] SystemI::createSoundInternal             :     exinfo->initialseekpostype = 1
[LOG] SystemI::DSPCodecPoolRegister            :     register codec pool for pool type 5
[LOG] SystemI::createSoundInternal             :     Sample 0/1: name='thrusterFire_000', format=2, channels=1, frequency=48000, lengthbytes=46400, lengthpcm=240000, pcmblocksize=0, loopstart=0, loopend=0, mode=0x00000000, channelmask=0x00000000, channelorder=0, peakvolume=0.891052.
[LOG] SystemI::createSoundInternal             :     Create name='', mode=0x02000202
[LOG] SystemI::createSoundInternal             :     exinfo->cbsize             = 224
[LOG] SystemI::createSoundInternal             :     exinfo->length             = 227680
[LOG] SystemI::createSoundInternal             :     exinfo->fileoffset         = 60000
[LOG] SystemI::createSoundInternal             :     exinfo->numsubsounds       = 1
[LOG] SystemI::createSoundInternal             :     exinfo->inclusionlist      = 000000EB659FF4AC
[LOG] SystemI::createSoundInternal             :     exinfo->inclusionlistnum   = 1
[LOG] SystemI::createSoundInternal             :     exinfo->suggestedsoundtype = 5
[LOG] SystemI::createSoundInternal             :     exinfo->useropen           = 00007FFDF4F37050
[LOG] SystemI::createSoundInternal             :     exinfo->userclose          = 00007FFDF4F37020
[LOG] SystemI::createSoundInternal             :     exinfo->userread           = 00007FFDF4F37120
[LOG] SystemI::createSoundInternal             :     exinfo->userseek           = 00007FFDF4F371E0
[LOG] SystemI::createSoundInternal             :     exinfo->fileuserdata       = 00000226214528F8
[LOG] SystemI::createSoundInternal             :     exinfo->initialseekpostype = 1
[LOG] SystemI::DSPCodecPoolRegister            :     register codec pool for pool type 5
[LOG] SystemI::createSoundInternal             :     Sample 0/1: name='shiphum', format=2, channels=2, frequency=48000, lengthbytes=16768, lengthpcm=91533, pcmblocksize=0, loopstart=0, loopend=0, mode=0x00000000, channelmask=0x00000000, channelorder=0, peakvolume=0.004639.
[LOG] AsyncThread::threadFunc                  : Finished Asynchronous operation on sound 00000225620A2958
[LOG] SoundI::getSubSound                      : sound 00000225620A2958.  Subsound index 0 / 1
[LOG] SoundI::release                          : inventmenu (000002259CCC77C8)
[LOG] SoundI::release                          :     inventmenu (00000226437D2508)
[LOG] SoundI::release                          :     inventmenu (000002259CCC6F58)
[LOG] SoundI::release                          : invnetOst (00000225620A2958)
[LOG] SoundI::release                          :     invnetOst (00000226437D2D28)
[LOG] SoundI::release                          :     invnetOst (00000225620A25F8)
[LOG] SoundI::release                          :  (0000022561F324E8)
[LOG] SoundI::release                          :     click1 (00000226437D33A8)
[LOG] SoundI::release                          :  (00000225A3AF9BF8)
[LOG] SoundI::release                          :     shiphum (000002259EB3DC18)
[LOG] SoundI::release                          :  (00000225A3AF9D68)
[LOG] SoundI::release                          :     thrusterFire_000 (000002259EB3DA78)
[LOG] Thread::callback                         : FMOD Studio update thread finished.
[LOG] Thread::callback                         : FMOD Studio bank load thread finished.
[LOG] Profile::disconnectAll                   : Profiler disconnecting all clients
[LOG] Thread::callback                         : FMOD Studio sample load thread finished.
[LOG] LiveUpdate::release                      : 
[LOG] LiveUpdate::reset                        : Reset connection (reason Disconnected)
[LOG] Thread::callback                         : FMOD stream thread finished.
[LOG] Thread::callback                         : FMOD mixer thread finished.
[LOG] Profile::disconnectAll                   : Profiler disconnecting all clients
[LOG] SystemI::close                           : Closed.
[LOG] Thread::callback                         : FMOD Studio bank load thread finished.
[LOG] Thread::callback                         : FMOD Studio sample load thread finished.
[LOG] LiveUpdate::release                      : 
[LOG] LiveUpdate::reset                        : Reset connection (reason Disconnected)
[LOG] Thread::callback                         : FMOD stream thread finished.
[LOG] Thread::callback                         : FMOD mixer thread finished.
[LOG] Thread::callback                         : FMOD nonblocking thread (0) finished.
[LOG] Thread::callback                         : FMOD file thread finished.
[LOG] SystemI::close                           : Closed.
